sending incremental file list
.dropbox/logs/2/1-c974-601f3bbe.tmp
.dropbox/metrics/store.bin
.local/share/baloo/index
.local/share/baloo/index-lock
.mozilla/firefox/c4k1uvmr.default-release/
.mozilla/firefox/c4k1uvmr.default-release/cookies.sqlite
.mozilla/firefox/c4k1uvmr.default-release/cookies.sqlite-wal
.mozilla/firefox/c4k1uvmr.default-release/favicons.sqlite-wal
.mozilla/firefox/c4k1uvmr.default-release/permissions.sqlite
.mozilla/firefox/c4k1uvmr.default-release/places.sqlite-wal
.mozilla/firefox/c4k1uvmr.default-release/webappsstore.sqlite
.mozilla/firefox/c4k1uvmr.default-release/webappsstore.sqlite-wal
.mozilla/firefox/c4k1uvmr.default-release/sessionstore-backups/
.mozilla/firefox/c4k1uvmr.default-release/sessionstore-backups/recovery.baklz4
.mozilla/firefox/c4k1uvmr.default-release/sessionstore-backups/recovery.jsonlz4
.mozilla/firefox/c4k1uvmr.default-release/storage/default/https+++www.youtube.com/idb/
.mozilla/firefox/c4k1uvmr.default-release/storage/default/https+++www.youtube.com/idb/2411554522L2oVgessDaabta.sqlite
.mozilla/firefox/c4k1uvmr.default-release/storage/default/https+++www.youtube.com/idb/2411554522L2oVgessDaabta.sqlite-wal
.mozilla/firefox/c4k1uvmr.default-release/storage/default/moz-extension+++6cc237ac-b39f-4553-a5e8-e1f33b886a58/idb/
deleting .mozilla/firefox/c4k1uvmr.default-release/storage/permanent/chrome/idb/3870112724rsegmnoittet-es.sqlite-wal
deleting .mozilla/firefox/c4k1uvmr.default-release/storage/permanent/chrome/idb/1657114595AmcateirvtiSty.sqlite-wal
.mozilla/firefox/c4k1uvmr.default-release/storage/permanent/chrome/idb/
.mozilla/firefox/c4k1uvmr.default-release/storage/permanent/chrome/idb/1657114595AmcateirvtiSty.sqlite
dev/backup/
dev/backup/home-bak.sh

sent 39,713,709 bytes  received 2,650 bytes  79,432,718.00 bytes/sec
total size is 1,395,799,072  speedup is 35.14
Sun Feb 7 01:19:01 AM PST 2021
